<?xml version="1.0" encoding="UTF-8"?>
<testsuite name="ScrabbleTest" tests="9" skipped="0" failures="0" errors="0" timestamp="2016-09-07T16:14:13" hostname="epicodus-25.local" time="0.003">
  <properties/>
  <testcase name="calculateScore_returnsScoreForSingleLetter_1" classname="ScrabbleTest" time="0.002"/>
  <testcase name="calculateScore_returnScoreForAWord_10" classname="ScrabbleTest" time="0.0"/>
  <testcase name="calculateScore_returnScoreForAllValueTwoLetters_2" classname="ScrabbleTest" time="0.0"/>
  <testcase name="calculateScore_returnScoreForAllValueThreeLetters_3" classname="ScrabbleTest" time="0.0"/>
  <testcase name="calculateScore_returnsScoreForAllValueOneLetters_1" classname="ScrabbleTest" time="0.0"/>
  <testcase name="calculateScore_returnScoreForAllValueTenLetters_10" classname="ScrabbleTest" time="0.001"/>
  <testcase name="calculateScore_returnScoreForAllValueFiveLetters_5" classname="ScrabbleTest" time="0.0"/>
  <testcase name="calculateScore_returnScoreForAllValueFourLetters_4" classname="ScrabbleTest" time="0.0"/>
  <testcase name="calculateScore_returnScoreForAllValueEightLetters_8" classname="ScrabbleTest" time="0.0"/>
  <system-out><![CDATA[]]></system-out>
  <system-err><![CDATA[]]></system-err>
</testsuite>
